<?xml version="1.0" encoding="utf-8"?><testsuites name="pytest tests"><testsuite name="pytest" errors="0" failures="0" skipped="0" tests="50" time="0.616" timestamp="2026-05-20T04:10:45.209304+00:00" hostname="agent-env-44d9ba46-3cfc-4d0e-852e-cfd6195e4291"><testcase classname="tests.test_api" name="test_health" time="0.319" /><testcase classname="tests.test_api" name="test_subscribe_creates_pending_and_sends_two_emails" time="0.007" /><testcase classname="tests.test_api" name="test_subscribe_is_idempotent" time="0.002" /><testcase classname="tests.test_api" name="test_confirm_redirects_and_sends_welcome" time="0.003" /><testcase classname="tests.test_api" name="test_confirm_invalid_token_redirects_with_reason" time="0.001" /><testcase classname="tests.test_api" name="test_unsubscribe_by_email" time="0.002" /><testcase classname="tests.test_api" name="test_unsubscribe_missing_identifiers_400" time="0.001" /><testcase classname="tests.test_api" name="test_feedback_happy_path" time="0.003" /><testcase classname="tests.test_api" name="test_feedback_without_email_still_notifies_admin" time="0.001" /><testcase classname="tests.test_api" name="test_feedback_message_too_short_422" time="0.001" /><testcase classname="tests.test_api" name="test_subscribe_invalid_email_422" time="0.001" /><testcase classname="tests.test_api" name="test_contact_happy_path" time="0.003" /><testcase classname="tests.test_api" name="test_admin_weekly_requires_bearer" time="0.002" /><testcase classname="tests.test_api" name="test_admin_weekly_runs_and_reports" time="0.009" /><testcase classname="tests.test_api" name="test_rate_limit_on_subscribe" time="0.005" /><testcase classname="tests.test_api" name="test_admin_feedback_queue" time="0.003" /><testcase classname="tests.test_api" name="test_admin_contacts_queue" time="0.003" /><testcase classname="tests.test_api" name="test_admin_queue_requires_auth" time="0.002" /><testcase classname="tests.test_api" name="test_turnstile_rejects_when_enabled" time="0.002" /><testcase classname="tests.test_api" name="test_mark_feedback_resolved" time="0.004" /><testcase classname="tests.test_api" name="test_mark_feedback_resolved_404" time="0.002" /><testcase classname="tests.test_api" name="test_subscribers_csv_export" time="0.005" /><testcase classname="tests.test_api" name="test_subscribers_csv_requires_auth" time="0.001" /><testcase classname="tests.test_api" name="test_feedback_pagination" time="0.003" /><testcase classname="tests.test_api" name="test_admin_list_subscribers" time="0.004" /><testcase classname="tests.test_api" name="test_admin_subscriber_force_unsubscribe" time="0.003" /><testcase classname="tests.test_api" name="test_admin_subscriber_delete" time="0.002" /><testcase classname="tests.test_api" name="test_admin_subscriber_resend_confirm" time="0.002" /><testcase classname="tests.test_api" name="test_admin_subscriber_resend_confirm_rejects_already_confirmed" time="0.003" /><testcase classname="tests.test_api" name="test_admin_subscriber_action_requires_auth" time="0.001" /><testcase classname="tests.test_api" name="test_resend_webhook_unsigned_accepted_in_dev" time="0.001" /><testcase classname="tests.test_api" name="test_resend_webhook_records_each_event_type" time="0.003" /><testcase classname="tests.test_api" name="test_admin_stats_includes_email_health" time="0.011" /><testcase classname="tests.test_api" name="test_resend_webhook_rejects_invalid_signature_when_secret_set" time="0.122" /><testcase classname="tests.test_api" name="test_resend_webhook_accepts_valid_svix_signature" time="0.002" /><testcase classname="tests.test_api" name="test_articles_public_list_empty_initially" time="0.001" /><testcase classname="tests.test_api" name="test_admin_create_article_then_visible_publicly" time="0.004" /><testcase classname="tests.test_api" name="test_admin_create_article_requires_auth" time="0.002" /><testcase classname="tests.test_api" name="test_draft_article_hidden_from_public" time="0.003" /><testcase classname="tests.test_api" name="test_slug_collision_appends_suffix" time="0.003" /><testcase classname="tests.test_api" name="test_patch_article_updates_fields_and_publishes" time="0.004" /><testcase classname="tests.test_api" name="test_delete_article" time="0.003" /><testcase classname="tests.test_api" name="test_charts_today_returns_baseline" time="0.001" /><testcase classname="tests.test_api" name="test_interpret_validates_signs" time="0.002" /><testcase classname="tests.test_api" name="test_interpret_uses_module_and_increments_counter" time="0.003" /><testcase classname="tests.test_api" name="test_interpret_returns_503_on_runtime_error" time="0.001" /><testcase classname="tests.test_api" name="test_seed_seo_articles_inserts_five" time="0.004" /><testcase classname="tests.test_api" name="test_seed_seo_articles_is_idempotent" time="0.005" /><testcase classname="tests.test_api" name="test_seed_seo_articles_force_updates" time="0.005" /><testcase classname="tests.test_api" name="test_seed_seo_articles_requires_auth" time="0.002" /></testsuite></testsuites>